<?xml version="1.0" encoding="UTF-8"?>
<testng-results skipped="0" failed="0" ignored="0" total="2" passed="2">
  <reporter-output>
  </reporter-output>
  <suite name="XISHE_Tests.XISHE_Assignment2.Tests" duration-ms="136726" started-at="2022-03-03T13:35:58 EET" finished-at="2022-03-03T13:38:15 EET">
    <groups>
    </groups>
    <test name="Command line test" duration-ms="136726" started-at="2022-03-03T13:35:58 EET" finished-at="2022-03-03T13:38:15 EET">
      <class name="XISHE_Tests.XISHE_Assignment2.Tests">
        <test-method status="PASS" signature="BeforeTests()[pri:0, instance:XISHE_Tests.XISHE_Assignment2.Tests@71bbf57e]" name="BeforeTests" is-config="true" duration-ms="396" started-at="2022-03-03T13:35:58 EET" finished-at="2022-03-03T13:35:59 EET">
          <reporter-output>
          </reporter-output>
        </test-method> <!-- BeforeTests -->
        <test-method status="PASS" signature="BeforeMethods()[pri:0, instance:XISHE_Tests.XISHE_Assignment2.Tests@71bbf57e]" name="BeforeMethods" is-config="true" duration-ms="6371" started-at="2022-03-03T13:35:59 EET" finished-at="2022-03-03T13:36:05 EET">
          <reporter-output>
          </reporter-output>
        </test-method> <!-- BeforeMethods -->
        <test-method status="PASS" signature="TestCase1()[pri:0, instance:XISHE_Tests.XISHE_Assignment2.Tests@71bbf57e]" name="TestCase1" duration-ms="80647" started-at="2022-03-03T13:36:05 EET" finished-at="2022-03-03T13:37:26 EET">
          <reporter-output>
          </reporter-output>
        </test-method> <!-- TestCase1 -->
        <test-method status="PASS" signature="TearDownTest(org.testng.ITestResult)[pri:0, instance:XISHE_Tests.XISHE_Assignment2.Tests@71bbf57e]" name="TearDownTest" is-config="true" duration-ms="924" started-at="2022-03-03T13:37:26 EET" finished-at="2022-03-03T13:37:27 EET">
          <params>
            <param index="0">
              <value>
                <![CDATA[[TestResult name=TestCase1 status=SUCCESS method=Tests.TestCase1()[pri:0, instance:XISHE_Tests.XISHE_Assignment2.Tests@71bbf57e] output={null}]]]>
              </value>
            </param>
          </params>
          <reporter-output>
          </reporter-output>
        </test-method> <!-- TearDownTest -->
        <test-method status="PASS" signature="BeforeMethods()[pri:0, instance:XISHE_Tests.XISHE_Assignment2.Tests@71bbf57e]" name="BeforeMethods" is-config="true" duration-ms="1831" started-at="2022-03-03T13:37:27 EET" finished-at="2022-03-03T13:37:29 EET">
          <reporter-output>
          </reporter-output>
        </test-method> <!-- BeforeMethods -->
        <test-method status="PASS" signature="TestCase2()[pri:0, instance:XISHE_Tests.XISHE_Assignment2.Tests@71bbf57e]" name="TestCase2" duration-ms="45325" started-at="2022-03-03T13:37:29 EET" finished-at="2022-03-03T13:38:14 EET">
          <reporter-output>
          </reporter-output>
        </test-method> <!-- TestCase2 -->
        <test-method status="PASS" signature="TearDownTest(org.testng.ITestResult)[pri:0, instance:XISHE_Tests.XISHE_Assignment2.Tests@71bbf57e]" name="TearDownTest" is-config="true" duration-ms="878" started-at="2022-03-03T13:38:14 EET" finished-at="2022-03-03T13:38:15 EET">
          <params>
            <param index="0">
              <value>
                <![CDATA[[TestResult name=TestCase2 status=SUCCESS method=Tests.TestCase2()[pri:0, instance:XISHE_Tests.XISHE_Assignment2.Tests@71bbf57e] output={null}]]]>
              </value>
            </param>
          </params>
          <reporter-output>
          </reporter-output>
        </test-method> <!-- TearDownTest -->
        <test-method status="PASS" signature="ExitExtentReport()[pri:0, instance:XISHE_Tests.XISHE_Assignment2.Tests@71bbf57e]" name="ExitExtentReport" is-config="true" duration-ms="324" started-at="2022-03-03T13:38:15 EET" finished-at="2022-03-03T13:38:15 EET">
          <reporter-output>
          </reporter-output>
        </test-method> <!-- ExitExtentReport -->
      </class> <!-- XISHE_Tests.XISHE_Assignment2.Tests -->
    </test> <!-- Command line test -->
  </suite> <!-- XISHE_Tests.XISHE_Assignment2.Tests -->
</testng-results>
